[2026-07-03T16:24:41.948+0700] {manager.py:483} INFO - Processing files using up to 2 processes at a time 
[2026-07-03T16:24:41.953+0700] {manager.py:484} INFO - Process each file at most once every 30 seconds
[2026-07-03T16:24:41.955+0700] {manager.py:485} INFO - Checking for new files in /opt/airflow/dags every 300 seconds
[2026-07-03T16:24:41.956+0700] {manager.py:821} INFO - Searching for files in /opt/airflow/dags
[2026-07-03T16:24:41.970+0700] {manager.py:824} INFO - There are 0 files in /opt/airflow/dags
[2026-07-03T16:29:42.029+0700] {manager.py:821} INFO - Searching for files in /opt/airflow/dags
[2026-07-03T16:29:42.036+0700] {manager.py:824} INFO - There are 0 files in /opt/airflow/dags
[2026-07-03T16:34:42.495+0700] {manager.py:821} INFO - Searching for files in /opt/airflow/dags
[2026-07-03T16:34:42.500+0700] {manager.py:824} INFO - There are 0 files in /opt/airflow/dags
[2026-07-03T16:39:42.845+0700] {manager.py:821} INFO - Searching for files in /opt/airflow/dags
[2026-07-03T16:39:42.852+0700] {manager.py:824} INFO - There are 0 files in /opt/airflow/dags
[2026-07-03T16:44:42.895+0700] {manager.py:821} INFO - Searching for files in /opt/airflow/dags
[2026-07-03T16:44:42.927+0700] {manager.py:824} INFO - There are 0 files in /opt/airflow/dags
[2026-07-03T16:49:43.846+0700] {manager.py:821} INFO - Searching for files in /opt/airflow/dags
[2026-07-03T16:49:43.857+0700] {manager.py:824} INFO - There are 0 files in /opt/airflow/dags
[2026-07-03T16:54:44.325+0700] {manager.py:821} INFO - Searching for files in /opt/airflow/dags
[2026-07-03T16:54:44.336+0700] {manager.py:824} INFO - There are 0 files in /opt/airflow/dags
[2026-07-03T16:59:44.631+0700] {manager.py:821} INFO - Searching for files in /opt/airflow/dags
[2026-07-03T16:59:44.638+0700] {manager.py:824} INFO - There are 0 files in /opt/airflow/dags
[2026-07-03T17:04:44.970+0700] {manager.py:821} INFO - Searching for files in /opt/airflow/dags
[2026-07-03T17:04:44.992+0700] {manager.py:824} INFO - There are 0 files in /opt/airflow/dags
[2026-07-03T17:09:45.477+0700] {manager.py:821} INFO - Searching for files in /opt/airflow/dags
[2026-07-03T17:09:45.493+0700] {manager.py:824} INFO - There are 0 files in /opt/airflow/dags
[2026-07-03T17:14:45.808+0700] {manager.py:821} INFO - Searching for files in /opt/airflow/dags
[2026-07-03T17:14:45.813+0700] {manager.py:824} INFO - There are 0 files in /opt/airflow/dags
[2026-07-03T17:19:46.154+0700] {manager.py:821} INFO - Searching for files in /opt/airflow/dags
[2026-07-03T17:19:46.159+0700] {manager.py:824} INFO - There are 0 files in /opt/airflow/dags
[2026-07-03T17:24:46.207+0700] {manager.py:821} INFO - Searching for files in /opt/airflow/dags
[2026-07-03T17:24:46.225+0700] {manager.py:824} INFO - There are 0 files in /opt/airflow/dags
[2026-07-03T17:29:47.140+0700] {manager.py:821} INFO - Searching for files in /opt/airflow/dags
[2026-07-03T17:29:47.155+0700] {manager.py:824} INFO - There are 0 files in /opt/airflow/dags
[2026-07-03T17:34:47.963+0700] {manager.py:821} INFO - Searching for files in /opt/airflow/dags
[2026-07-03T17:34:47.975+0700] {manager.py:824} INFO - There are 0 files in /opt/airflow/dags
[2026-07-03T17:39:48.879+0700] {manager.py:821} INFO - Searching for files in /opt/airflow/dags
[2026-07-03T17:39:48.894+0700] {manager.py:824} INFO - There are 0 files in /opt/airflow/dags
[2026-07-03T17:44:49.650+0700] {manager.py:821} INFO - Searching for files in /opt/airflow/dags
[2026-07-03T17:44:49.656+0700] {manager.py:824} INFO - There are 0 files in /opt/airflow/dags
[2026-07-03T17:49:50.158+0700] {manager.py:821} INFO - Searching for files in /opt/airflow/dags
[2026-07-03T17:49:50.209+0700] {manager.py:824} INFO - There are 0 files in /opt/airflow/dags
[2026-07-03T17:54:51.044+0700] {manager.py:821} INFO - Searching for files in /opt/airflow/dags
[2026-07-03T17:54:51.052+0700] {manager.py:824} INFO - There are 0 files in /opt/airflow/dags
[2026-07-03T17:59:51.794+0700] {manager.py:821} INFO - Searching for files in /opt/airflow/dags
[2026-07-03T17:59:51.799+0700] {manager.py:824} INFO - There are 0 files in /opt/airflow/dags
[2026-07-03T18:04:52.360+0700] {manager.py:821} INFO - Searching for files in /opt/airflow/dags
[2026-07-03T18:04:52.365+0700] {manager.py:824} INFO - There are 0 files in /opt/airflow/dags
